2017-11-16 09:31:13,944 INFO (StartupInfoLogger.java:48)- Starting StudyApplication on luopans-mac-mini.local with PID 607 (/Users/luopan/IdeaProjects/study/target/classes started by luopan in /Users/luopan/IdeaProjects/study)
2017-11-16 09:31:13,950 DEBUG (StartupInfoLogger.java:51)- Running with Spring Boot v1.5.8.RELEASE, Spring v4.3.12.RELEASE
2017-11-16 09:31:13,951 INFO (SpringApplication.java:593)- No active profile set, falling back to default profiles: default
2017-11-16 09:31:18,702 ERROR (WebConfiguration.java:16)- RemoteIpFilter executed
2017-11-16 09:31:22,540 INFO (StartupInfoLogger.java:57)- Started StudyApplication in 9.64 seconds (JVM running for 12.781)
2017-11-16 09:36:53,946 INFO (StartupInfoLogger.java:48)- Starting StudyApplication on luopans-mac-mini.local with PID 625 (/Users/luopan/IdeaProjects/study/target/classes started by luopan in /Users/luopan/IdeaProjects/study)
2017-11-16 09:36:53,958 DEBUG (StartupInfoLogger.java:51)- Running with Spring Boot v1.5.8.RELEASE, Spring v4.3.12.RELEASE
2017-11-16 09:36:53,959 INFO (SpringApplication.java:593)- No active profile set, falling back to default profiles: default
2017-11-16 09:36:56,380 ERROR (WebConfiguration.java:16)- RemoteIpFilter executed
2017-11-16 09:36:57,987 INFO (StartupInfoLogger.java:57)- Started StudyApplication in 4.655 seconds (JVM running for 6.236)
2017-11-16 09:44:44,718 INFO (StartupInfoLogger.java:48)- Starting StudyApplication on luopans-mac-mini.local with PID 659 (/Users/luopan/IdeaProjects/study/target/classes started by luopan in /Users/luopan/IdeaProjects/study)
2017-11-16 09:44:44,722 DEBUG (StartupInfoLogger.java:51)- Running with Spring Boot v1.5.8.RELEASE, Spring v4.3.12.RELEASE
2017-11-16 09:44:44,722 INFO (SpringApplication.java:593)- No active profile set, falling back to default profiles: default
2017-11-16 09:44:46,906 ERROR (WebConfiguration.java:16)- RemoteIpFilter executed
2017-11-16 09:44:48,440 INFO (StartupInfoLogger.java:57)- Started StudyApplication in 4.398 seconds (JVM running for 6.071)
2017-11-16 17:04:11,063 ERROR (MobileService.java:49)- 获取服务失败
2017-11-16 17:04:43,414 ERROR (MobileService.java:49)- 获取服务失败
javax.xml.ws.WebServiceException: class com.springboot.study.service.ws.GetMobileCodeInfo do not have a property of the name {http://WebXml.com.cn/}mobileCode
	at com.sun.xml.internal.ws.client.sei.BodyBuilder$DocLit.<init>(BodyBuilder.java:230)
	at com.sun.xml.internal.ws.client.sei.StubHandler.<init>(StubHandler.java:117)
	at com.sun.xml.internal.ws.db.DatabindingImpl.initStubHandlers(DatabindingImpl.java:145)
	at com.sun.xml.internal.ws.db.DatabindingImpl.<init>(DatabindingImpl.java:90)
	at com.sun.xml.internal.ws.db.DatabindingProviderImpl.create(DatabindingProviderImpl.java:59)
	at com.sun.xml.internal.ws.db.DatabindingProviderImpl.create(DatabindingProviderImpl.java:43)
	at com.sun.xml.internal.ws.db.DatabindingFactoryImpl.createRuntime(DatabindingFactoryImpl.java:105)
	at com.sun.xml.internal.ws.client.WSServiceDelegate.buildRuntimeModel(WSServiceDelegate.java:875)
	at com.sun.xml.internal.ws.client.WSServiceDelegate.createSEIPortInfo(WSServiceDelegate.java:892)
	at com.sun.xml.internal.ws.client.WSServiceDelegate.addSEI(WSServiceDelegate.java:855)
	at com.sun.xml.internal.ws.client.WSServiceDelegate.getPort(WSServiceDelegate.java:435)
	at com.sun.xml.internal.ws.client.WSServiceDelegate.getPort(WSServiceDelegate.java:404)
	at com.sun.xml.internal.ws.client.WSServiceDelegate.getPort(WSServiceDelegate.java:386)
	at javax.xml.ws.Service.getPort(Service.java:119)
	at com.springboot.study.service.ws.MobileCodeWS.getMobileCodeWSSoap12(MobileCodeWS.java:96)
	at com.springboot.study.service.MobileService.main(MobileService.java:47)
Caused by: javax.xml.bind.JAXBException: {http://WebXml.com.cn/}mobileCode is not a valid property on class com.springboot.study.service.ws.GetMobileCodeInfo
	at com.sun.xml.internal.bind.v2.runtime.JAXBContextImpl.getElementPropertyAccessor(JAXBContextImpl.java:934)
	at com.sun.xml.internal.ws.db.glassfish.JAXBRIContextWrapper.getElementPropertyAccessor(JAXBRIContextWrapper.java:106)
	at com.sun.xml.internal.ws.client.sei.BodyBuilder$DocLit.<init>(BodyBuilder.java:227)
	... 15 common frames omitted
2017-11-16 17:04:55,103 ERROR (MobileService.java:49)- 获取服务失败
javax.xml.ws.WebServiceException: class com.springboot.study.service.ws.GetMobileCodeInfo do not have a property of the name {http://WebXml.com.cn/}mobileCode
	at com.sun.xml.internal.ws.client.sei.BodyBuilder$DocLit.<init>(BodyBuilder.java:230)
	at com.sun.xml.internal.ws.client.sei.StubHandler.<init>(StubHandler.java:117)
	at com.sun.xml.internal.ws.db.DatabindingImpl.initStubHandlers(DatabindingImpl.java:145)
	at com.sun.xml.internal.ws.db.DatabindingImpl.<init>(DatabindingImpl.java:90)
	at com.sun.xml.internal.ws.db.DatabindingProviderImpl.create(DatabindingProviderImpl.java:59)
	at com.sun.xml.internal.ws.db.DatabindingProviderImpl.create(DatabindingProviderImpl.java:43)
	at com.sun.xml.internal.ws.db.DatabindingFactoryImpl.createRuntime(DatabindingFactoryImpl.java:105)
	at com.sun.xml.internal.ws.client.WSServiceDelegate.buildRuntimeModel(WSServiceDelegate.java:875)
	at com.sun.xml.internal.ws.client.WSServiceDelegate.createSEIPortInfo(WSServiceDelegate.java:892)
	at com.sun.xml.internal.ws.client.WSServiceDelegate.addSEI(WSServiceDelegate.java:855)
	at com.sun.xml.internal.ws.client.WSServiceDelegate.getPort(WSServiceDelegate.java:435)
	at com.sun.xml.internal.ws.client.WSServiceDelegate.getPort(WSServiceDelegate.java:404)
	at com.sun.xml.internal.ws.client.WSServiceDelegate.getPort(WSServiceDelegate.java:386)
	at javax.xml.ws.Service.getPort(Service.java:119)
	at com.springboot.study.service.ws.MobileCodeWS.getMobileCodeWSSoap(MobileCodeWS.java:74)
	at com.springboot.study.service.MobileService.main(MobileService.java:47)
Caused by: javax.xml.bind.JAXBException: {http://WebXml.com.cn/}mobileCode is not a valid property on class com.springboot.study.service.ws.GetMobileCodeInfo
	at com.sun.xml.internal.bind.v2.runtime.JAXBContextImpl.getElementPropertyAccessor(JAXBContextImpl.java:934)
	at com.sun.xml.internal.ws.db.glassfish.JAXBRIContextWrapper.getElementPropertyAccessor(JAXBRIContextWrapper.java:106)
	at com.sun.xml.internal.ws.client.sei.BodyBuilder$DocLit.<init>(BodyBuilder.java:227)
	... 15 common frames omitted
